<?xml version="1.0" encoding="UTF-8"?>
<!-- Generated by org.testng.reporters.JUnitReportReporter -->
<testsuite hostname="PQA-0591LT" failures="0" tests="1" name="WebTesting" time="0.005" errors="0" timestamp="2023-08-07T11:45:22 EDT" skipped="0">
  <testcase classname="WebTesting" name="FirstWebTest" time="0.005"/>
  <system-out/>
</testsuite> <!-- WebTesting -->
