<?xml version="1.0" encoding="UTF-8"?>
<!-- Generated by org.testng.reporters.JUnitReportReporter -->
<testsuite hostname="PQA-0591LT" failures="0" tests="1" name="HardAssertions" time="0.010" errors="0" timestamp="2023-08-11T09:13:57 EDT" skipped="0">
  <testcase classname="HardAssertions" name="LearnHardAssertions" time="0.010"/>
  <system-out/>
</testsuite> <!-- HardAssertions -->
