<?xml version="1.0" encoding="UTF-8"?>
<!-- Generated by org.testng.reporters.JUnitReportReporter -->
<testsuite hostname="PQA-0591LT" failures="0" tests="3" name="WebTesting" time="0.012" errors="0" timestamp="2023-08-07T11:59:10 EDT" skipped="0">
  <testcase classname="WebTesting" name="FirstWebTest" time="0.009"/>
  <system-out/>
  <testcase classname="WebTesting" name="SecondWebTest" time="0.002"/>
  <system-out/>
  <testcase classname="WebTesting" name="ThirdWebTest" time="0.001"/>
  <system-out/>
</testsuite> <!-- WebTesting -->
