<?xml version="1.0" encoding="UTF-8"?>
<!-- Generated by org.testng.reporters.JUnitReportReporter -->
<testsuite hostname="PQA-0591LT" failures="0" tests="1" name="LearnValidation" time="6.789" errors="0" timestamp="2023-09-13T11:48:39 EDT" skipped="0">
  <testcase classname="LearnValidation" name="UnderstandValidation" time="6.789"/>
  <system-out/>
</testsuite> <!-- LearnValidation -->
