<?xml version="1.0" encoding="UTF-8"?>
<!-- Generated by org.testng.reporters.JUnitReportReporter -->
<testsuite hostname="PQA-0591LT" failures="0" tests="3" name="WebTesting" time="0.006" errors="0" timestamp="2023-08-09T10:47:32 EDT" skipped="0">
  <testcase classname="WebTesting" name="FirstWebTest" time="0.003"/>
  <system-out/>
  <testcase classname="WebTesting" name="SecondWebTest" time="0.003"/>
  <system-out/>
  <testcase classname="WebTesting" name="ThirdWebTest" time="0.000"/>
  <system-out/>
</testsuite> <!-- WebTesting -->
