<?xml version="1.0" encoding="UTF-8"?>
<!-- Generated by org.testng.reporters.JUnitReportReporter -->
<testsuite hostname="PQA-0591LT" failures="0" tests="2" name="LearnHardAssertion" time="0.006" errors="0" timestamp="2023-08-09T10:09:26 EDT" skipped="0">
  <testcase classname="LearnHardAssertion" name="LearnData" time="0.001"/>
  <system-out/>
  <testcase classname="LearnHardAssertion" name="LearnData" time="0.005"/>
  <system-out/>
</testsuite> <!-- LearnHardAssertion -->
