<?xml version="1.0" encoding="UTF-8"?>
<!-- Generated by org.testng.reporters.JUnitReportReporter -->
<testsuite hostname="PQA-0591LT" failures="0" tests="3" name="LearnDataProviders" time="0.025" errors="0" timestamp="2023-08-09T11:05:20 EDT" skipped="0">
  <testcase classname="LearnDataProviders" name="LearningDataProviders" time="0.019"/>
  <system-out/>
  <testcase classname="LearnDataProviders" name="LearningDataProviders" time="0.004"/>
  <system-out/>
  <testcase classname="LearnDataProviders" name="LearningDataProviders" time="0.002"/>
  <system-out/>
</testsuite> <!-- LearnDataProviders -->
