<?xml version="1.0" encoding="UTF-8"?>
<!-- Generated by org.testng.reporters.JUnitReportReporter -->
<testsuite hostname="PQA-0591LT" failures="0" tests="1" name="HardAssertions" time="0.014" errors="0" timestamp="2023-08-09T11:35:18 EDT" skipped="0">
  <testcase classname="HardAssertions" name="LearnHardAssertions" time="0.014"/>
  <system-out/>
</testsuite> <!-- HardAssertions -->
