<?xml version="1.0" encoding="UTF-8"?>
<!-- Generated by org.testng.reporters.JUnitReportReporter -->
<testsuite hostname="PQA-0591LT" failures="0" tests="1" name="MobileTesting" time="0.001" errors="0" timestamp="2023-08-07T12:22:45 EDT" skipped="0">
  <testcase classname="MobileTesting" name="SecondMobileTest" time="0.001"/>
  <system-out/>
</testsuite> <!-- MobileTesting -->
