<?xml version="1.0" encoding="UTF-8"?>
<!-- Generated by org.testng.reporters.JUnitReportReporter -->
<testsuite hostname="PQA-0591LT" failures="0" tests="2" name="MobileTesting" time="0.001" errors="0" timestamp="2023-08-07T11:59:10 EDT" skipped="0">
  <testcase classname="MobileTesting" name="FirstMobileTest" time="0.001"/>
  <system-out/>
  <testcase classname="MobileTesting" name="SecondMobileTest" time="0.000"/>
  <system-out/>
</testsuite> <!-- MobileTesting -->
