<?xml version="1.0" encoding="UTF-8"?>
<!-- Generated by org.testng.reporters.JUnitReportReporter -->
<testsuite hostname="PQA-0591LT" failures="0" tests="1" name="MobileTesting" time="0.008" errors="0" timestamp="2023-08-07T11:47:58 EDT" skipped="0">
  <testcase classname="MobileTesting" name="FirstMobileTest" time="0.008"/>
  <system-out/>
</testsuite> <!-- MobileTesting -->
